2024/10/18 09:34:21 [error] 22#22: *4 open() "/usr/src/app/staticfilesadmin/css/base.css" failed (2: No such file or directory), client: 172.29.0.1, server: , request: "GET /static/admin/css/base.css HTTP/1.1", host: "localhost:1337", referrer: "http://localhost:1337/admin/login/?next=/admin/"
2024/10/18 09:34:21 [error] 24#24: *6 open() "/usr/src/app/staticfilesadmin/css/dark_mode.css" failed (2: No such file or directory), client: 172.29.0.1, server: , request: "GET /static/admin/css/dark_mode.css HTTP/1.1", host: "localhost:1337", referrer: "http://localhost:1337/admin/login/?next=/admin/"
2024/10/18 09:34:21 [error] 20#20: *1 open() "/usr/src/app/staticfilesadmin/css/nav_sidebar.css" failed (2: No such file or directory), client: 172.29.0.1, server: , request: "GET /static/admin/css/nav_sidebar.css HTTP/1.1", host: "localhost:1337", referrer: "http://localhost:1337/admin/login/?next=/admin/"
2024/10/18 09:34:21 [error] 21#21: *3 open() "/usr/src/app/staticfilesadmin/css/login.css" failed (2: No such file or directory), client: 172.29.0.1, server: , request: "GET /static/admin/css/login.css HTTP/1.1", host: "localhost:1337", referrer: "http://localhost:1337/admin/login/?next=/admin/"
2024/10/18 09:34:21 [error] 23#23: *5 open() "/usr/src/app/staticfilesadmin/css/responsive.css" failed (2: No such file or directory), client: 172.29.0.1, server: , request: "GET /static/admin/css/responsive.css HTTP/1.1", host: "localhost:1337", referrer: "http://localhost:1337/admin/login/?next=/admin/"
2024/10/18 09:34:21 [error] 21#21: *3 open() "/usr/src/app/staticfilesadmin/js/nav_sidebar.js" failed (2: No such file or directory), client: 172.29.0.1, server: , request: "GET /static/admin/js/nav_sidebar.js HTTP/1.1", host: "localhost:1337", referrer: "http://localhost:1337/admin/login/?next=/admin/"
2024/10/18 09:34:21 [error] 23#23: *5 open() "/usr/src/app/staticfilesadmin/js/theme.js" failed (2: No such file or directory), client: 172.29.0.1, server: , request: "GET /static/admin/js/theme.js HTTP/1.1", host: "localhost:1337", referrer: "http://localhost:1337/admin/login/?next=/admin/"
2024/10/18 09:36:47 [notice] 1#1: signal 3 (SIGQUIT) received, shutting down
2024/10/18 09:36:47 [notice] 21#21: gracefully shutting down
2024/10/18 09:36:47 [notice] 20#20: gracefully shutting down
2024/10/18 09:36:47 [notice] 22#22: gracefully shutting down
2024/10/18 09:36:47 [notice] 24#24: gracefully shutting down
2024/10/18 09:36:47 [notice] 24#24: exiting
2024/10/18 09:36:47 [notice] 27#27: gracefully shutting down
2024/10/18 09:36:47 [notice] 23#23: gracefully shutting down
2024/10/18 09:36:47 [notice] 25#25: gracefully shutting down
2024/10/18 09:36:47 [notice] 26#26: gracefully shutting down
2024/10/18 09:36:47 [notice] 21#21: exiting
2024/10/18 09:36:47 [notice] 20#20: exiting
2024/10/18 09:36:47 [notice] 22#22: exiting
2024/10/18 09:36:47 [notice] 24#24: exit
2024/10/18 09:36:47 [notice] 27#27: exiting
2024/10/18 09:36:47 [notice] 23#23: exiting
2024/10/18 09:36:47 [notice] 25#25: exiting
2024/10/18 09:36:47 [notice] 25#25: exit
2024/10/18 09:36:47 [notice] 26#26: exiting
2024/10/18 09:36:47 [notice] 21#21: exit
2024/10/18 09:36:47 [notice] 20#20: exit
2024/10/18 09:36:47 [notice] 22#22: exit
2024/10/18 09:36:47 [notice] 27#27: exit
2024/10/18 09:36:47 [notice] 23#23: exit
2024/10/18 09:36:47 [notice] 26#26: exit
2024/10/18 09:36:48 [notice] 1#1: signal 17 (SIGCHLD) received from 25
2024/10/18 09:36:48 [notice] 1#1: worker process 20 exited with code 0
2024/10/18 09:36:48 [notice] 1#1: worker process 22 exited with code 0
2024/10/18 09:36:48 [notice] 1#1: worker process 24 exited with code 0
2024/10/18 09:36:48 [notice] 1#1: worker process 25 exited with code 0
2024/10/18 09:36:48 [notice] 1#1: worker process 21 exited with code 0
2024/10/18 09:36:48 [notice] 1#1: worker process 23 exited with code 0
2024/10/18 09:36:48 [notice] 1#1: worker process 26 exited with code 0
2024/10/18 09:36:48 [notice] 1#1: worker process 27 exited with code 0
2024/10/18 09:36:48 [notice] 1#1: exit
2024/10/18 09:36:49 [emerg] 1#1: "upstream" directive is not allowed here in /etc/nginx/nginx.conf:1
2024/10/18 09:37:16 [emerg] 1#1: "upstream" directive is not allowed here in /etc/nginx/nginx.conf:1
2024/10/18 09:39:30 [emerg] 1#1: "upstream" directive is not allowed here in /etc/nginx/nginx.conf:1
2024/10/18 09:52:54 [emerg] 1#1: "upstream" directive is not allowed here in /etc/nginx/nginx.conf:1
2024/10/18 09:55:35 [emerg] 1#1: "upstream" directive is not allowed here in /etc/nginx/nginx.conf:1
2024/10/18 09:55:57 [emerg] 1#1: "upstream" directive is not allowed here in /etc/nginx/nginx.conf:1
2024/10/18 09:57:55 [emerg] 1#1: "log_format" directive is not allowed here in /etc/nginx/conf.d/nginx.conf:24
2024/10/18 09:58:23 [emerg] 1#1: "log_format" directive is not allowed here in /etc/nginx/conf.d/nginx.conf:24
2024/10/18 09:59:01 [notice] 1#1: using the "epoll" event method
2024/10/18 09:59:01 [notice] 1#1: nginx/1.25.5
2024/10/18 09:59:01 [notice] 1#1: built by gcc 12.2.0 (Debian 12.2.0-14) 
2024/10/18 09:59:01 [notice] 1#1: OS: Linux 5.15.153.1-microsoft-standard-WSL2
2024/10/18 09:59:01 [notice] 1#1: getrlimit(RLIMIT_NOFILE): 1048576:1048576
2024/10/18 09:59:01 [notice] 1#1: start worker processes
2024/10/18 09:59:01 [notice] 1#1: start worker process 20
2024/10/18 09:59:01 [notice] 1#1: start worker process 21
2024/10/18 09:59:01 [notice] 1#1: start worker process 22
2024/10/18 09:59:01 [notice] 1#1: start worker process 23
2024/10/18 09:59:01 [notice] 1#1: start worker process 24
2024/10/18 09:59:01 [notice] 1#1: start worker process 25
2024/10/18 09:59:01 [notice] 1#1: start worker process 26
2024/10/18 09:59:01 [notice] 1#1: start worker process 27
2024/10/18 10:00:12 [notice] 1#1: signal 3 (SIGQUIT) received, shutting down
2024/10/18 10:00:12 [notice] 20#20: gracefully shutting down
2024/10/18 10:00:12 [notice] 21#21: gracefully shutting down
2024/10/18 10:00:12 [notice] 22#22: gracefully shutting down
2024/10/18 10:00:12 [notice] 23#23: gracefully shutting down
2024/10/18 10:00:12 [notice] 22#22: exiting
2024/10/18 10:00:12 [notice] 24#24: gracefully shutting down
2024/10/18 10:00:12 [notice] 26#26: gracefully shutting down
2024/10/18 10:00:12 [notice] 25#25: gracefully shutting down
2024/10/18 10:00:12 [notice] 27#27: gracefully shutting down
2024/10/18 10:00:12 [notice] 20#20: exiting
2024/10/18 10:00:12 [notice] 21#21: exiting
2024/10/18 10:00:12 [notice] 23#23: exiting
2024/10/18 10:00:12 [notice] 22#22: exit
2024/10/18 10:00:12 [notice] 24#24: exiting
2024/10/18 10:00:12 [notice] 26#26: exiting
2024/10/18 10:00:12 [notice] 25#25: exiting
2024/10/18 10:00:12 [notice] 27#27: exiting
2024/10/18 10:00:12 [notice] 20#20: exit
2024/10/18 10:00:12 [notice] 21#21: exit
2024/10/18 10:00:12 [notice] 23#23: exit
2024/10/18 10:00:12 [notice] 24#24: exit
2024/10/18 10:00:12 [notice] 26#26: exit
2024/10/18 10:00:12 [notice] 25#25: exit
2024/10/18 10:00:12 [notice] 27#27: exit
2024/10/18 10:00:12 [notice] 1#1: signal 17 (SIGCHLD) received from 20
2024/10/18 10:00:12 [notice] 1#1: worker process 20 exited with code 0
2024/10/18 10:00:12 [notice] 1#1: worker process 22 exited with code 0
2024/10/18 10:00:12 [notice] 1#1: signal 29 (SIGIO) received
2024/10/18 10:00:12 [notice] 1#1: signal 17 (SIGCHLD) received from 26
2024/10/18 10:00:12 [notice] 1#1: worker process 26 exited with code 0
2024/10/18 10:00:12 [notice] 1#1: signal 29 (SIGIO) received
2024/10/18 10:00:12 [notice] 1#1: signal 17 (SIGCHLD) received from 27
2024/10/18 10:00:12 [notice] 1#1: worker process 27 exited with code 0
2024/10/18 10:00:12 [notice] 1#1: signal 29 (SIGIO) received
2024/10/18 10:00:12 [notice] 1#1: signal 17 (SIGCHLD) received from 25
2024/10/18 10:00:12 [notice] 1#1: worker process 21 exited with code 0
2024/10/18 10:00:12 [notice] 1#1: worker process 24 exited with code 0
2024/10/18 10:00:12 [notice] 1#1: worker process 25 exited with code 0
2024/10/18 10:00:12 [notice] 1#1: signal 29 (SIGIO) received
2024/10/18 10:00:12 [notice] 1#1: signal 17 (SIGCHLD) received from 23
2024/10/18 10:00:12 [notice] 1#1: worker process 23 exited with code 0
2024/10/18 10:00:12 [notice] 1#1: exit
2024/10/18 10:00:13 [notice] 1#1: using the "epoll" event method
2024/10/18 10:00:13 [notice] 1#1: nginx/1.25.5
2024/10/18 10:00:13 [notice] 1#1: built by gcc 12.2.0 (Debian 12.2.0-14) 
2024/10/18 10:00:13 [notice] 1#1: OS: Linux 5.15.153.1-microsoft-standard-WSL2
2024/10/18 10:00:13 [notice] 1#1: getrlimit(RLIMIT_NOFILE): 1048576:1048576
2024/10/18 10:00:13 [notice] 1#1: start worker processes
2024/10/18 10:00:13 [notice] 1#1: start worker process 20
2024/10/18 10:00:13 [notice] 1#1: start worker process 21
2024/10/18 10:00:13 [notice] 1#1: start worker process 22
2024/10/18 10:00:13 [notice] 1#1: start worker process 23
2024/10/18 10:00:13 [notice] 1#1: start worker process 24
2024/10/18 10:00:13 [notice] 1#1: start worker process 25
2024/10/18 10:00:13 [notice] 1#1: start worker process 26
2024/10/18 10:00:13 [notice] 1#1: start worker process 27
2024/10/18 10:26:53 [notice] 1#1: signal 3 (SIGQUIT) received, shutting down
2024/10/18 10:26:53 [notice] 20#20: gracefully shutting down
2024/10/18 10:26:53 [notice] 21#21: gracefully shutting down
2024/10/18 10:26:53 [notice] 22#22: gracefully shutting down
2024/10/18 10:26:53 [notice] 24#24: gracefully shutting down
2024/10/18 10:26:53 [notice] 23#23: gracefully shutting down
2024/10/18 10:26:53 [notice] 26#26: gracefully shutting down
2024/10/18 10:26:53 [notice] 27#27: gracefully shutting down
2024/10/18 10:26:53 [notice] 25#25: gracefully shutting down
2024/10/18 10:26:53 [notice] 20#20: exiting
2024/10/18 10:26:53 [notice] 21#21: exiting
2024/10/18 10:26:53 [notice] 22#22: exiting
2024/10/18 10:26:53 [notice] 24#24: exiting
2024/10/18 10:26:53 [notice] 23#23: exiting
2024/10/18 10:26:53 [notice] 26#26: exiting
2024/10/18 10:26:53 [notice] 27#27: exiting
2024/10/18 10:26:53 [notice] 25#25: exiting
2024/10/18 10:26:53 [notice] 20#20: exit
2024/10/18 10:26:53 [notice] 21#21: exit
2024/10/18 10:26:53 [notice] 22#22: exit
2024/10/18 10:26:53 [notice] 24#24: exit
2024/10/18 10:26:53 [notice] 23#23: exit
2024/10/18 10:26:53 [notice] 26#26: exit
2024/10/18 10:26:53 [notice] 27#27: exit
2024/10/18 10:26:53 [notice] 25#25: exit
2024/10/18 10:26:53 [notice] 1#1: signal 17 (SIGCHLD) received from 24
2024/10/18 10:26:53 [notice] 1#1: worker process 20 exited with code 0
2024/10/18 10:26:53 [notice] 1#1: worker process 22 exited with code 0
2024/10/18 10:26:53 [notice] 1#1: worker process 24 exited with code 0
2024/10/18 10:26:53 [notice] 1#1: signal 29 (SIGIO) received
2024/10/18 10:26:53 [notice] 1#1: signal 17 (SIGCHLD) received from 27
2024/10/18 10:26:53 [notice] 1#1: worker process 23 exited with code 0
2024/10/18 10:26:53 [notice] 1#1: worker process 25 exited with code 0
2024/10/18 10:26:53 [notice] 1#1: worker process 26 exited with code 0
2024/10/18 10:26:53 [notice] 1#1: worker process 27 exited with code 0
2024/10/18 10:26:53 [notice] 1#1: signal 29 (SIGIO) received
2024/10/18 10:26:53 [notice] 1#1: signal 17 (SIGCHLD) received from 23
2024/10/18 10:26:53 [notice] 1#1: signal 17 (SIGCHLD) received from 21
2024/10/18 10:26:53 [notice] 1#1: worker process 21 exited with code 0
2024/10/18 10:26:53 [notice] 1#1: exit
2024/10/18 10:26:54 [notice] 1#1: using the "epoll" event method
2024/10/18 10:26:54 [notice] 1#1: nginx/1.25.5
2024/10/18 10:26:54 [notice] 1#1: built by gcc 12.2.0 (Debian 12.2.0-14) 
2024/10/18 10:26:54 [notice] 1#1: OS: Linux 5.15.153.1-microsoft-standard-WSL2
2024/10/18 10:26:54 [notice] 1#1: getrlimit(RLIMIT_NOFILE): 1048576:1048576
2024/10/18 10:26:54 [notice] 1#1: start worker processes
2024/10/18 10:26:54 [notice] 1#1: start worker process 20
2024/10/18 10:26:54 [notice] 1#1: start worker process 21
2024/10/18 10:26:54 [notice] 1#1: start worker process 22
2024/10/18 10:26:54 [notice] 1#1: start worker process 23
2024/10/18 10:26:54 [notice] 1#1: start worker process 24
2024/10/18 10:26:54 [notice] 1#1: start worker process 25
2024/10/18 10:26:54 [notice] 1#1: start worker process 26
2024/10/18 10:26:54 [notice] 1#1: start worker process 27
